<?xml version="1.0" encoding="UTF-8"?>
<!-- Generated by org.testng.reporters.JUnitReportReporter -->
<testsuite skipped="0" hostname="IN2196867W4" name="Testcase.loginandlogout" tests="3" failures="0" timestamp="2021-07-12T08:59:51 IST" time="33.496" errors="0">
  <testcase name="loginandlogout" time="13.863" classname="Testcase.loginandlogout"/>
  <system-out/>
  <testcase name="loginandlogout" time="8.158" classname="Testcase.loginandlogout"/>
  <system-out/>
  <testcase name="loginandlogout" time="11.475" classname="Testcase.loginandlogout"/>
  <system-out/>
</testsuite> <!-- Testcase.loginandlogout -->
