<?xml version="1.0" encoding="UTF-8"?>
<!-- Generated by org.testng.reporters.JUnitReportReporter -->
<testsuite skipped="0" hostname="IN2196867W4" name="FB.facebook.class2" tests="2" failures="0" timestamp="2021-06-30T08:29:33 IST" time="0.027" errors="0">
  <testcase name="testcase2" time="0.005" classname="FB.facebook.class2"/>
  <system-out/>
  <testcase name="testcase1" time="0.022" classname="FB.facebook.class2"/>
  <system-out/>
</testsuite> <!-- FB.facebook.class2 -->
